<?xml version="1.0" encoding="UTF-8"?>
<!-- Generated by org.testng.reporters.JUnitXMLReporter -->
<testsuite hostname="HJNZL001775" ignored="0" name="Default test" tests="6" failures="0" timestamp="2021-11-16T08:49:43 IST" time="39.362" errors="0">
  <testcase name="LogoTest" time="0.045" classname="com.opencart.testcases.IndexPageTest"/>
  <testcase name="titleTest" time="0.006" classname="com.opencart.testcases.IndexPageTest"/>
  <testcase name="currencyDropDown" time="0.084" classname="com.opencart.testcases.IndexPageTest"/>
  <testcase name="doller" time="0.001" classname="com.opencart.testcases.IndexPageTest"/>
  <testcase name="dropDownLinkValidation" time="0.082" classname="com.opencart.testcases.IndexPageTest"/>
  <testcase name="loginPageNavigation" time="0.001" classname="com.opencart.testcases.IndexPageTest"/>
</testsuite> <!-- Default test -->
