<?xml version="1.0" encoding="UTF-8"?>
<!-- Generated by org.testng.reporters.JUnitXMLReporter -->
<testsuite hostname="HJNZL001775" ignored="0" name="Default test" tests="3" failures="0" timestamp="2021-11-16T17:52:11 IST" time="23.074" errors="0">
  <testcase name="titlevalidation" time="0.01" classname="com.opencart.testcases.LogoutPageTest"/>
  <testcase name="buttonvalidation" time="0.034" classname="com.opencart.testcases.LogoutPageTest"/>
  <testcase name="continuebuttonclick" time="0.027" classname="com.opencart.testcases.LogoutPageTest"/>
</testsuite> <!-- Default test -->
