<?xml version="1.0" encoding="UTF-8"?>
<!-- Generated by org.testng.reporters.JUnitXMLReporter -->
<testsuite hostname="HJNZL001775" ignored="0" name="testSUite" tests="23" failures="0" timestamp="2021-11-16T18:07:47 IST" time="146.051" errors="0">
  <testcase name="LogoTest" time="0.053" classname="com.opencart.testcases.IndexPageTest"/>
  <testcase name="titleTest" time="0.007" classname="com.opencart.testcases.IndexPageTest"/>
  <testcase name="currencyDropDown" time="0.093" classname="com.opencart.testcases.IndexPageTest"/>
  <testcase name="doller" time="0.001" classname="com.opencart.testcases.IndexPageTest"/>
  <testcase name="dropDownLinkValidation" time="0.105" classname="com.opencart.testcases.IndexPageTest"/>
  <testcase name="loginPageNavigation" time="0.001" classname="com.opencart.testcases.IndexPageTest"/>
  <testcase name="searchbarValidation" time="0.036" classname="com.opencart.testcases.IndexPageTest"/>
  <testcase name="validateTitle" time="0.003" classname="com.opencart.testcases.ForgotPasswordTest"/>
  <testcase name="validateInputBox" time="0.027" classname="com.opencart.testcases.ForgotPasswordTest"/>
  <testcase name="validateSubmitButton" time="0.029" classname="com.opencart.testcases.ForgotPasswordTest"/>
  <testcase name="validateBackButtonOpration" time="0.636" classname="com.opencart.testcases.ForgotPasswordTest"/>
  <testcase name="loginTest" time="4.407" classname="com.opencart.testcases.LoginPageTest"/>
  <testcase name="searchfieldTest" time="0.024" classname="com.opencart.testcases.HomePageTest"/>
  <testcase name="addtocartvalidation" time="0.028" classname="com.opencart.testcases.HomePageTest"/>
  <testcase name="searchOpration" time="1.865" classname="com.opencart.testcases.HomePageTest"/>
  <testcase name="CartPageTitle" time="0.004" classname="com.opencart.testcases.AddToCartTest"/>
  <testcase name="continuebutton" time="0.033" classname="com.opencart.testcases.AddToCartTest"/>
  <testcase name="productInCart" time="0.034" classname="com.opencart.testcases.AddToCartTest"/>
  <testcase name="validateinputfields" time="0.147" classname="com.opencart.testcases.RegistrationPageTest"/>
  <testcase name="validatePageTitle" time="0.001" classname="com.opencart.testcases.RegistrationPageTest"/>
  <testcase name="titlevalidation" time="0.003" classname="com.opencart.testcases.LogoutPageTest"/>
  <testcase name="buttonvalidation" time="0.032" classname="com.opencart.testcases.LogoutPageTest"/>
  <testcase name="continuebuttonclick" time="0.03" classname="com.opencart.testcases.LogoutPageTest"/>
</testsuite> <!-- testSUite -->
