<?xml version="1.0" encoding="UTF-8"?>
<!-- Generated by org.testng.reporters.JUnitXMLReporter -->
<testsuite hostname="HJNZL001775" ignored="0" name="testSUite" tests="14" failures="0" timestamp="2021-11-16T11:40:21 IST" time="88.248" errors="0">
  <testcase name="LogoTest" time="0.045" classname="com.opencart.testcases.IndexPageTest"/>
  <testcase name="titleTest" time="0.004" classname="com.opencart.testcases.IndexPageTest"/>
  <testcase name="currencyDropDown" time="0.076" classname="com.opencart.testcases.IndexPageTest"/>
  <testcase name="doller" time="0.001" classname="com.opencart.testcases.IndexPageTest"/>
  <testcase name="dropDownLinkValidation" time="0.072" classname="com.opencart.testcases.IndexPageTest"/>
  <testcase name="loginPageNavigation" time="0.001" classname="com.opencart.testcases.IndexPageTest"/>
  <testcase name="validateTitle" time="0.004" classname="com.opencart.testcases.ForgotPasswordTest"/>
  <testcase name="validateInputBox" time="0.021" classname="com.opencart.testcases.ForgotPasswordTest"/>
  <testcase name="validateSubmitButton" time="0.023" classname="com.opencart.testcases.ForgotPasswordTest"/>
  <testcase name="validateBackButtonOpration" time="0.54" classname="com.opencart.testcases.ForgotPasswordTest"/>
  <testcase name="loginTest" time="4.349" classname="com.opencart.testcases.LoginPageTest"/>
  <testcase name="searchfieldTest" time="0.026" classname="com.opencart.testcases.HomePageTest"/>
  <testcase name="addtocartvalidation" time="0.027" classname="com.opencart.testcases.HomePageTest"/>
  <testcase name="searchOpration" time="1.744" classname="com.opencart.testcases.HomePageTest"/>
</testsuite> <!-- testSUite -->
